2025-07-18 19:09:12 - root - INFO - \U0001f680 Starting data ingestion...
2025-07-18 19:09:12 - root - INFO - Starting the data ingestion process.
2025-07-18 19:09:12 - root - INFO - Reading dataset from path: data/raw\HateSpeechDataset.csv
2025-07-18 19:09:15 - root - INFO - Dataset successfully loaded. Shape: (440906, 3)
2025-07-18 19:09:15 - root - INFO - Dropping 'Content_int' column.
2025-07-18 19:09:15 - root - INFO - 'Content_int' column dropped successfully.
2025-07-18 19:09:15 - root - INFO - Removing rows where 'Label' is not a valid class (0 or 1).
2025-07-18 19:09:15 - root - INFO - Converting 'Label' column data type to integer.
2025-07-18 19:09:15 - root - INFO - Conversion successful. Unique labels: [1 0]
2025-07-18 19:09:15 - root - INFO - Splitting the dataset into train and test sets.
2025-07-18 19:09:15 - root - INFO - Train set shape: (352719, 2), Test set shape: (88180, 2)
2025-07-18 19:09:15 - root - INFO - Saving train set to: Artifacts\data_ingestion\ingested\train.csv
2025-07-18 19:09:19 - root - INFO - Saving test set to: Artifacts\data_ingestion\ingested\test.csv
2025-07-18 19:09:20 - root - INFO - Data ingestion process completed successfully.
2025-07-18 19:09:20 - root - INFO - \u2705 Data ingestion completed.
2025-07-18 19:09:20 - root - INFO - \U0001f4c4 Train data path: Artifacts\data_ingestion\ingested\train.csv
2025-07-18 19:09:20 - root - INFO - \U0001f4c4 Test data path: Artifacts\data_ingestion\ingested\test.csv
2025-07-18 19:09:20 - root - INFO - \U0001f504 Starting data transformation...
2025-07-18 19:09:20 - root - INFO - initiating the data transforamtion
2025-07-18 19:09:20 - root - INFO - reading the train and test data from Artifacts\data_ingestion\ingested\train.csv and Artifacts\data_ingestion\ingested\test.csv
2025-07-18 19:09:22 - root - INFO - Sucessfully read the train and test data
2025-07-18 19:09:22 - root - INFO - applying lower() to train and test data
2025-07-18 19:09:23 - root - INFO - Sucessfully lower the train and test data
2025-07-18 19:09:51 - root - INFO - Sucessfuly remove html tags from train and test data
2025-07-18 19:09:55 - root - INFO - Sucessfully removed special charachters from train and test data
2025-07-18 19:09:55 - root - INFO - Tokenizing the train and test data
2025-07-18 19:11:53 - root - INFO - Sucessfully tokenized train and test data
2025-07-18 19:11:53 - root - INFO - Removing stopwords from train and test data
2025-07-18 19:13:13 - root - INFO - \u2705 Data transformation completed.
2025-07-18 19:13:13 - root - INFO - \U0001f4dd Transformed train path: Artifacts\data_transformation\transformed\transformed_train.csv
2025-07-18 19:13:13 - root - INFO - \U0001f4dd Transformed test path: Artifacts\data_transformation\transformed\transformed_test.csv
2025-07-18 19:13:13 - root - INFO - \U0001f521 Starting vectorization (Word2Vec)...
2025-07-18 19:13:13 - root - INFO - Reading transformed training and testing datasets...
2025-07-18 19:13:15 - root - INFO - Tokenizing sentences...
2025-07-18 19:14:31 - root - INFO - Training Word2Vec model...
2025-07-18 19:14:31 - gensim.models.word2vec - INFO - collecting all words and their counts
2025-07-18 19:14:31 - gensim.models.word2vec - INFO - PROGRESS: at sentence #0, processed 0 words, keeping 0 word types
2025-07-18 19:14:31 - gensim.models.word2vec - INFO - PROGRESS: at sentence #10000, processed 210444 words, keeping 21313 word types
2025-07-18 19:14:31 - gensim.models.word2vec - INFO - PROGRESS: at sentence #20000, processed 425091 words, keeping 30289 word types
2025-07-18 19:14:31 - gensim.models.word2vec - INFO - PROGRESS: at sentence #30000, processed 639095 words, keeping 36743 word types
2025-07-18 19:14:31 - gensim.models.word2vec - INFO - PROGRESS: at sentence #40000, processed 850740 words, keeping 42204 word types
2025-07-18 19:14:31 - gensim.models.word2vec - INFO - PROGRESS: at sentence #50000, processed 1061527 words, keeping 46843 word types
2025-07-18 19:14:32 - gensim.models.word2vec - INFO - PROGRESS: at sentence #60000, processed 1274637 words, keeping 50974 word types
2025-07-18 19:14:32 - gensim.models.word2vec - INFO - PROGRESS: at sentence #70000, processed 1481473 words, keeping 54623 word types
2025-07-18 19:14:32 - gensim.models.word2vec - INFO - PROGRESS: at sentence #80000, processed 1695240 words, keeping 58088 word types
2025-07-18 19:14:32 - gensim.models.word2vec - INFO - PROGRESS: at sentence #90000, processed 1905772 words, keeping 61217 word types
2025-07-18 19:14:32 - gensim.models.word2vec - INFO - PROGRESS: at sentence #100000, processed 2119333 words, keeping 64115 word types
2025-07-18 19:14:32 - gensim.models.word2vec - INFO - PROGRESS: at sentence #110000, processed 2334064 words, keeping 66929 word types
2025-07-18 19:14:32 - gensim.models.word2vec - INFO - PROGRESS: at sentence #120000, processed 2546046 words, keeping 69541 word types
2025-07-18 19:14:32 - gensim.models.word2vec - INFO - PROGRESS: at sentence #130000, processed 2751348 words, keeping 72035 word types
2025-07-18 19:14:32 - gensim.models.word2vec - INFO - PROGRESS: at sentence #140000, processed 2961445 words, keeping 74459 word types
2025-07-18 19:14:32 - gensim.models.word2vec - INFO - PROGRESS: at sentence #150000, processed 3175398 words, keeping 76866 word types
2025-07-18 19:14:32 - gensim.models.word2vec - INFO - PROGRESS: at sentence #160000, processed 3385386 words, keeping 79128 word types
2025-07-18 19:14:32 - gensim.models.word2vec - INFO - PROGRESS: at sentence #170000, processed 3596260 words, keeping 81174 word types
2025-07-18 19:14:32 - gensim.models.word2vec - INFO - PROGRESS: at sentence #180000, processed 3809144 words, keeping 83173 word types
2025-07-18 19:14:32 - gensim.models.word2vec - INFO - PROGRESS: at sentence #190000, processed 4020332 words, keeping 85176 word types
2025-07-18 19:14:32 - gensim.models.word2vec - INFO - PROGRESS: at sentence #200000, processed 4232671 words, keeping 87215 word types
2025-07-18 19:14:32 - gensim.models.word2vec - INFO - PROGRESS: at sentence #210000, processed 4443689 words, keeping 89075 word types
2025-07-18 19:14:33 - gensim.models.word2vec - INFO - PROGRESS: at sentence #220000, processed 4652052 words, keeping 90813 word types
2025-07-18 19:14:33 - gensim.models.word2vec - INFO - PROGRESS: at sentence #230000, processed 4862817 words, keeping 92603 word types
2025-07-18 19:14:33 - gensim.models.word2vec - INFO - PROGRESS: at sentence #240000, processed 5075570 words, keeping 94493 word types
2025-07-18 19:14:33 - gensim.models.word2vec - INFO - PROGRESS: at sentence #250000, processed 5285374 words, keeping 96047 word types
2025-07-18 19:14:33 - gensim.models.word2vec - INFO - PROGRESS: at sentence #260000, processed 5497540 words, keeping 97719 word types
2025-07-18 19:14:33 - gensim.models.word2vec - INFO - PROGRESS: at sentence #270000, processed 5703774 words, keeping 99243 word types
2025-07-18 19:14:33 - gensim.models.word2vec - INFO - PROGRESS: at sentence #280000, processed 5913386 words, keeping 100819 word types
2025-07-18 19:14:33 - gensim.models.word2vec - INFO - PROGRESS: at sentence #290000, processed 6125250 words, keeping 102499 word types
2025-07-18 19:14:33 - gensim.models.word2vec - INFO - PROGRESS: at sentence #300000, processed 6338625 words, keeping 103935 word types
2025-07-18 19:14:33 - gensim.models.word2vec - INFO - PROGRESS: at sentence #310000, processed 6551511 words, keeping 105276 word types
2025-07-18 19:14:33 - gensim.models.word2vec - INFO - PROGRESS: at sentence #320000, processed 6760383 words, keeping 106681 word types
2025-07-18 19:14:33 - gensim.models.word2vec - INFO - PROGRESS: at sentence #330000, processed 6967104 words, keeping 107976 word types
2025-07-18 19:14:33 - gensim.models.word2vec - INFO - PROGRESS: at sentence #340000, processed 7181249 words, keeping 109398 word types
2025-07-18 19:14:33 - gensim.models.word2vec - INFO - PROGRESS: at sentence #350000, processed 7391578 words, keeping 110785 word types
2025-07-18 19:14:33 - gensim.models.word2vec - INFO - collected 111104 word types from a corpus of 7446999 raw words and 352719 sentences
2025-07-18 19:14:33 - gensim.models.word2vec - INFO - Creating a fresh vocabulary
2025-07-18 19:14:34 - gensim.utils - INFO - Word2Vec lifecycle event {'msg': 'effective_min_count=5 retains 38908 unique words (35.02% of original 111104, drops 72196)', 'datetime': '2025-07-18T19:14:34.187621', 'gensim': '4.3.2', 'python': '3.11.9 (tags/v3.11.9:de54cf5, Apr  2 2024, 10:12:12) [MSC v.1938 64 bit (AMD64)]', 'platform': 'Windows-10-10.0.26100-SP0', 'event': 'prepare_vocab'}
2025-07-18 19:14:34 - gensim.utils - INFO - Word2Vec lifecycle event {'msg': 'effective_min_count=5 leaves 7329032 word corpus (98.42% of original 7446999, drops 117967)', 'datetime': '2025-07-18T19:14:34.246120', 'gensim': '4.3.2', 'python': '3.11.9 (tags/v3.11.9:de54cf5, Apr  2 2024, 10:12:12) [MSC v.1938 64 bit (AMD64)]', 'platform': 'Windows-10-10.0.26100-SP0', 'event': 'prepare_vocab'}
2025-07-18 19:14:34 - gensim.models.word2vec - INFO - deleting the raw counts dictionary of 111104 items
2025-07-18 19:14:34 - gensim.models.word2vec - INFO - sample=0.001 downsamples 25 most-common words
2025-07-18 19:14:34 - gensim.utils - INFO - Word2Vec lifecycle event {'msg': 'downsampling leaves estimated 7019953.204649959 word corpus (95.8%% of prior 7329032)', 'datetime': '2025-07-18T19:14:34.587160', 'gensim': '4.3.2', 'python': '3.11.9 (tags/v3.11.9:de54cf5, Apr  2 2024, 10:12:12) [MSC v.1938 64 bit (AMD64)]', 'platform': 'Windows-10-10.0.26100-SP0', 'event': 'prepare_vocab'}
2025-07-18 19:14:35 - gensim.models.word2vec - INFO - estimated required memory for 38908 words and 100 dimensions: 50580400 bytes
2025-07-18 19:14:35 - gensim.models.word2vec - INFO - resetting layer weights
2025-07-18 19:14:35 - gensim.utils - INFO - Word2Vec lifecycle event {'update': False, 'trim_rule': 'None', 'datetime': '2025-07-18T19:14:35.089444', 'gensim': '4.3.2', 'python': '3.11.9 (tags/v3.11.9:de54cf5, Apr  2 2024, 10:12:12) [MSC v.1938 64 bit (AMD64)]', 'platform': 'Windows-10-10.0.26100-SP0', 'event': 'build_vocab'}
2025-07-18 19:14:35 - gensim.utils - INFO - Word2Vec lifecycle event {'msg': 'training model with 3 workers on 38908 vocabulary and 100 features, using sg=1 hs=0 sample=0.001 negative=5 window=5 shrink_windows=True', 'datetime': '2025-07-18T19:14:35.090440', 'gensim': '4.3.2', 'python': '3.11.9 (tags/v3.11.9:de54cf5, Apr  2 2024, 10:12:12) [MSC v.1938 64 bit (AMD64)]', 'platform': 'Windows-10-10.0.26100-SP0', 'event': 'train'}
2025-07-18 19:14:36 - gensim.models.word2vec - INFO - EPOCH 0 - PROGRESS: at 4.13% examples, 289988 words/s, in_qsize 5, out_qsize 0
2025-07-18 19:14:37 - gensim.models.word2vec - INFO - EPOCH 0 - PROGRESS: at 8.50% examples, 294746 words/s, in_qsize 5, out_qsize 0
2025-07-18 19:14:38 - gensim.models.word2vec - INFO - EPOCH 0 - PROGRESS: at 12.78% examples, 294726 words/s, in_qsize 5, out_qsize 0
2025-07-18 19:14:39 - gensim.models.word2vec - INFO - EPOCH 0 - PROGRESS: at 17.18% examples, 297240 words/s, in_qsize 6, out_qsize 0
2025-07-18 19:14:40 - gensim.models.word2vec - INFO - EPOCH 0 - PROGRESS: at 21.63% examples, 297402 words/s, in_qsize 5, out_qsize 0
2025-07-18 19:14:41 - gensim.models.word2vec - INFO - EPOCH 0 - PROGRESS: at 25.38% examples, 291750 words/s, in_qsize 5, out_qsize 0
2025-07-18 19:14:42 - gensim.models.word2vec - INFO - EPOCH 0 - PROGRESS: at 28.82% examples, 284920 words/s, in_qsize 5, out_qsize 0
2025-07-18 19:14:43 - gensim.models.word2vec - INFO - EPOCH 0 - PROGRESS: at 32.25% examples, 279180 words/s, in_qsize 5, out_qsize 0
2025-07-18 19:14:44 - gensim.models.word2vec - INFO - EPOCH 0 - PROGRESS: at 36.31% examples, 277447 words/s, in_qsize 5, out_qsize 0
2025-07-18 19:14:45 - gensim.models.word2vec - INFO - EPOCH 0 - PROGRESS: at 39.58% examples, 272343 words/s, in_qsize 5, out_qsize 0
2025-07-18 19:14:46 - gensim.models.word2vec - INFO - EPOCH 0 - PROGRESS: at 43.58% examples, 272811 words/s, in_qsize 5, out_qsize 0
2025-07-18 19:14:47 - gensim.models.word2vec - INFO - EPOCH 0 - PROGRESS: at 47.74% examples, 274185 words/s, in_qsize 5, out_qsize 0
2025-07-18 19:14:48 - gensim.models.word2vec - INFO - EPOCH 0 - PROGRESS: at 51.18% examples, 271744 words/s, in_qsize 6, out_qsize 0
2025-07-18 19:14:49 - gensim.models.word2vec - INFO - EPOCH 0 - PROGRESS: at 55.18% examples, 271320 words/s, in_qsize 5, out_qsize 0
2025-07-18 19:14:50 - gensim.models.word2vec - INFO - EPOCH 0 - PROGRESS: at 59.61% examples, 272822 words/s, in_qsize 5, out_qsize 0
2025-07-18 19:14:51 - gensim.models.word2vec - INFO - EPOCH 0 - PROGRESS: at 63.92% examples, 274205 words/s, in_qsize 6, out_qsize 0
2025-07-18 19:14:52 - gensim.models.word2vec - INFO - EPOCH 0 - PROGRESS: at 68.07% examples, 274563 words/s, in_qsize 5, out_qsize 0
2025-07-18 19:14:53 - gensim.models.word2vec - INFO - EPOCH 0 - PROGRESS: at 71.81% examples, 273414 words/s, in_qsize 5, out_qsize 0
2025-07-18 19:14:54 - gensim.models.word2vec - INFO - EPOCH 0 - PROGRESS: at 75.22% examples, 271188 words/s, in_qsize 5, out_qsize 0
2025-07-18 19:14:55 - gensim.models.word2vec - INFO - EPOCH 0 - PROGRESS: at 79.02% examples, 270534 words/s, in_qsize 6, out_qsize 0
2025-07-18 19:14:56 - gensim.models.word2vec - INFO - EPOCH 0 - PROGRESS: at 82.07% examples, 267603 words/s, in_qsize 5, out_qsize 0
2025-07-18 19:14:57 - gensim.models.word2vec - INFO - EPOCH 0 - PROGRESS: at 85.40% examples, 265944 words/s, in_qsize 5, out_qsize 0
2025-07-18 19:14:58 - gensim.models.word2vec - INFO - EPOCH 0 - PROGRESS: at 89.95% examples, 268099 words/s, in_qsize 6, out_qsize 0
2025-07-18 19:14:59 - gensim.models.word2vec - INFO - EPOCH 0 - PROGRESS: at 94.69% examples, 270517 words/s, in_qsize 5, out_qsize 0
2025-07-18 19:15:00 - gensim.models.word2vec - INFO - EPOCH 0 - PROGRESS: at 97.89% examples, 268544 words/s, in_qsize 5, out_qsize 0
2025-07-18 19:15:01 - gensim.models.word2vec - INFO - EPOCH 0: training on 7446999 raw words (7019875 effective words) took 26.0s, 269777 effective words/s
2025-07-18 19:15:02 - gensim.models.word2vec - INFO - EPOCH 1 - PROGRESS: at 3.72% examples, 260118 words/s, in_qsize 5, out_qsize 0
2025-07-18 19:15:03 - gensim.models.word2vec - INFO - EPOCH 1 - PROGRESS: at 6.92% examples, 238514 words/s, in_qsize 5, out_qsize 0
2025-07-18 19:15:04 - gensim.models.word2vec - INFO - EPOCH 1 - PROGRESS: at 10.78% examples, 247446 words/s, in_qsize 5, out_qsize 0
2025-07-18 19:15:05 - gensim.models.word2vec - INFO - EPOCH 1 - PROGRESS: at 14.53% examples, 250183 words/s, in_qsize 5, out_qsize 0
2025-07-18 19:15:06 - gensim.models.word2vec - INFO - EPOCH 1 - PROGRESS: at 19.34% examples, 265234 words/s, in_qsize 5, out_qsize 0
2025-07-18 19:15:07 - gensim.models.word2vec - INFO - EPOCH 1 - PROGRESS: at 24.17% examples, 276452 words/s, in_qsize 5, out_qsize 0
2025-07-18 19:15:08 - gensim.models.word2vec - INFO - EPOCH 1 - PROGRESS: at 28.96% examples, 284800 words/s, in_qsize 5, out_qsize 0
2025-07-18 19:15:09 - gensim.models.word2vec - INFO - EPOCH 1 - PROGRESS: at 33.73% examples, 287699 words/s, in_qsize 5, out_qsize 0
2025-07-18 19:15:10 - gensim.models.word2vec - INFO - EPOCH 1 - PROGRESS: at 37.83% examples, 286485 words/s, in_qsize 5, out_qsize 0
2025-07-18 19:15:11 - gensim.models.word2vec - INFO - EPOCH 1 - PROGRESS: at 42.63% examples, 291062 words/s, in_qsize 6, out_qsize 0
2025-07-18 19:15:12 - gensim.models.word2vec - INFO - EPOCH 1 - PROGRESS: at 47.47% examples, 294663 words/s, in_qsize 5, out_qsize 0
2025-07-18 19:15:13 - gensim.models.word2vec - INFO - EPOCH 1 - PROGRESS: at 52.25% examples, 297947 words/s, in_qsize 5, out_qsize 0
2025-07-18 19:15:14 - gensim.models.word2vec - INFO - EPOCH 1 - PROGRESS: at 57.05% examples, 300727 words/s, in_qsize 5, out_qsize 0
2025-07-18 19:15:15 - gensim.models.word2vec - INFO - EPOCH 1 - PROGRESS: at 61.91% examples, 302957 words/s, in_qsize 5, out_qsize 0
2025-07-18 19:15:16 - gensim.models.word2vec - INFO - EPOCH 1 - PROGRESS: at 66.72% examples, 304855 words/s, in_qsize 5, out_qsize 0
2025-07-18 19:15:17 - gensim.models.word2vec - INFO - EPOCH 1 - PROGRESS: at 71.68% examples, 307066 words/s, in_qsize 5, out_qsize 0
2025-07-18 19:15:18 - gensim.models.word2vec - INFO - EPOCH 1 - PROGRESS: at 76.58% examples, 308602 words/s, in_qsize 6, out_qsize 0
2025-07-18 19:15:19 - gensim.models.word2vec - INFO - EPOCH 1 - PROGRESS: at 81.38% examples, 310200 words/s, in_qsize 5, out_qsize 0
2025-07-18 19:15:20 - gensim.models.word2vec - INFO - EPOCH 1 - PROGRESS: at 86.19% examples, 311487 words/s, in_qsize 6, out_qsize 0
2025-07-18 19:15:21 - gensim.models.word2vec - INFO - EPOCH 1 - PROGRESS: at 90.76% examples, 311336 words/s, in_qsize 5, out_qsize 0
2025-07-18 19:15:22 - gensim.models.word2vec - INFO - EPOCH 1 - PROGRESS: at 94.82% examples, 309385 words/s, in_qsize 5, out_qsize 0
2025-07-18 19:15:23 - gensim.models.word2vec - INFO - EPOCH 1 - PROGRESS: at 99.09% examples, 308516 words/s, in_qsize 6, out_qsize 0
2025-07-18 19:15:23 - gensim.models.word2vec - INFO - EPOCH 1: training on 7446999 raw words (7020506 effective words) took 22.7s, 308722 effective words/s
2025-07-18 19:15:24 - gensim.models.word2vec - INFO - EPOCH 2 - PROGRESS: at 4.13% examples, 284260 words/s, in_qsize 5, out_qsize 0
2025-07-18 19:15:25 - gensim.models.word2vec - INFO - EPOCH 2 - PROGRESS: at 8.90% examples, 300379 words/s, in_qsize 5, out_qsize 0
2025-07-18 19:15:27 - gensim.models.word2vec - INFO - EPOCH 2 - PROGRESS: at 12.92% examples, 282367 words/s, in_qsize 5, out_qsize 0
2025-07-18 19:15:28 - gensim.models.word2vec - INFO - EPOCH 2 - PROGRESS: at 16.52% examples, 274751 words/s, in_qsize 5, out_qsize 0
2025-07-18 19:15:29 - gensim.models.word2vec - INFO - EPOCH 2 - PROGRESS: at 19.91% examples, 267013 words/s, in_qsize 5, out_qsize 0
2025-07-18 19:15:30 - gensim.models.word2vec - INFO - EPOCH 2 - PROGRESS: at 23.51% examples, 264178 words/s, in_qsize 5, out_qsize 0
2025-07-18 19:15:31 - gensim.models.word2vec - INFO - EPOCH 2 - PROGRESS: at 26.72% examples, 258116 words/s, in_qsize 6, out_qsize 0
2025-07-18 19:15:32 - gensim.models.word2vec - INFO - EPOCH 2 - PROGRESS: at 30.53% examples, 259688 words/s, in_qsize 5, out_qsize 0
2025-07-18 19:15:33 - gensim.models.word2vec - INFO - EPOCH 2 - PROGRESS: at 35.08% examples, 265663 words/s, in_qsize 5, out_qsize 0
2025-07-18 19:15:34 - gensim.models.word2vec - INFO - EPOCH 2 - PROGRESS: at 38.75% examples, 263472 words/s, in_qsize 5, out_qsize 0
2025-07-18 19:15:35 - gensim.models.word2vec - INFO - EPOCH 2 - PROGRESS: at 42.63% examples, 263745 words/s, in_qsize 6, out_qsize 0
2025-07-18 19:15:36 - gensim.models.word2vec - INFO - EPOCH 2 - PROGRESS: at 47.05% examples, 267200 words/s, in_qsize 5, out_qsize 0
2025-07-18 19:15:37 - gensim.models.word2vec - INFO - EPOCH 2 - PROGRESS: at 51.18% examples, 268789 words/s, in_qsize 5, out_qsize 0
2025-07-18 19:15:38 - gensim.models.word2vec - INFO - EPOCH 2 - PROGRESS: at 55.05% examples, 268623 words/s, in_qsize 6, out_qsize 0
2025-07-18 19:15:39 - gensim.models.word2vec - INFO - EPOCH 2 - PROGRESS: at 59.08% examples, 269266 words/s, in_qsize 5, out_qsize 0
2025-07-18 19:15:40 - gensim.models.word2vec - INFO - EPOCH 2 - PROGRESS: at 63.79% examples, 272214 words/s, in_qsize 5, out_qsize 0
2025-07-18 19:15:41 - gensim.models.word2vec - INFO - EPOCH 2 - PROGRESS: at 67.67% examples, 271919 words/s, in_qsize 5, out_qsize 0
2025-07-18 19:15:42 - gensim.models.word2vec - INFO - EPOCH 2 - PROGRESS: at 71.56% examples, 271486 words/s, in_qsize 5, out_qsize 0
2025-07-18 19:15:43 - gensim.models.word2vec - INFO - EPOCH 2 - PROGRESS: at 74.65% examples, 268443 words/s, in_qsize 5, out_qsize 0
2025-07-18 19:15:44 - gensim.models.word2vec - INFO - EPOCH 2 - PROGRESS: at 78.60% examples, 268412 words/s, in_qsize 5, out_qsize 0
2025-07-18 19:15:45 - gensim.models.word2vec - INFO - EPOCH 2 - PROGRESS: at 82.48% examples, 268284 words/s, in_qsize 5, out_qsize 0
2025-07-18 19:15:46 - gensim.models.word2vec - INFO - EPOCH 2 - PROGRESS: at 86.46% examples, 268170 words/s, in_qsize 5, out_qsize 0
2025-07-18 19:15:47 - gensim.models.word2vec - INFO - EPOCH 2 - PROGRESS: at 90.36% examples, 268346 words/s, in_qsize 5, out_qsize 0
2025-07-18 19:15:48 - gensim.models.word2vec - INFO - EPOCH 2 - PROGRESS: at 94.29% examples, 268024 words/s, in_qsize 5, out_qsize 0
2025-07-18 19:15:49 - gensim.models.word2vec - INFO - EPOCH 2 - PROGRESS: at 98.30% examples, 268366 words/s, in_qsize 5, out_qsize 0
2025-07-18 19:15:50 - gensim.models.word2vec - INFO - EPOCH 2: training on 7446999 raw words (7020563 effective words) took 26.2s, 268075 effective words/s
2025-07-18 19:15:51 - gensim.models.word2vec - INFO - EPOCH 3 - PROGRESS: at 2.96% examples, 195835 words/s, in_qsize 5, out_qsize 0
2025-07-18 19:15:52 - gensim.models.word2vec - INFO - EPOCH 3 - PROGRESS: at 6.25% examples, 214595 words/s, in_qsize 5, out_qsize 0
2025-07-18 19:15:53 - gensim.models.word2vec - INFO - EPOCH 3 - PROGRESS: at 9.71% examples, 224268 words/s, in_qsize 5, out_qsize 0
2025-07-18 19:15:54 - gensim.models.word2vec - INFO - EPOCH 3 - PROGRESS: at 13.33% examples, 230061 words/s, in_qsize 5, out_qsize 0
2025-07-18 19:15:55 - gensim.models.word2vec - INFO - EPOCH 3 - PROGRESS: at 16.39% examples, 227306 words/s, in_qsize 5, out_qsize 0
2025-07-18 19:15:56 - gensim.models.word2vec - INFO - EPOCH 3 - PROGRESS: at 20.42% examples, 234042 words/s, in_qsize 5, out_qsize 0
2025-07-18 19:15:57 - gensim.models.word2vec - INFO - EPOCH 3 - PROGRESS: at 24.30% examples, 238838 words/s, in_qsize 5, out_qsize 0
2025-07-18 19:15:58 - gensim.models.word2vec - INFO - EPOCH 3 - PROGRESS: at 28.29% examples, 244113 words/s, in_qsize 6, out_qsize 0
2025-07-18 19:15:59 - gensim.models.word2vec - INFO - EPOCH 3 - PROGRESS: at 31.99% examples, 244739 words/s, in_qsize 5, out_qsize 0
2025-07-18 19:16:00 - gensim.models.word2vec - INFO - EPOCH 3 - PROGRESS: at 36.31% examples, 249259 words/s, in_qsize 5, out_qsize 0
2025-07-18 19:16:01 - gensim.models.word2vec - INFO - EPOCH 3 - PROGRESS: at 40.25% examples, 251034 words/s, in_qsize 5, out_qsize 0
2025-07-18 19:16:02 - gensim.models.word2vec - INFO - EPOCH 3 - PROGRESS: at 43.98% examples, 251890 words/s, in_qsize 5, out_qsize 0
2025-07-18 19:16:03 - gensim.models.word2vec - INFO - EPOCH 3 - PROGRESS: at 48.14% examples, 253971 words/s, in_qsize 5, out_qsize 0
2025-07-18 19:16:04 - gensim.models.word2vec - INFO - EPOCH 3 - PROGRESS: at 51.99% examples, 254993 words/s, in_qsize 5, out_qsize 0
2025-07-18 19:16:05 - gensim.models.word2vec - INFO - EPOCH 3 - PROGRESS: at 55.98% examples, 255675 words/s, in_qsize 5, out_qsize 0
2025-07-18 19:16:06 - gensim.models.word2vec - INFO - EPOCH 3 - PROGRESS: at 59.21% examples, 252654 words/s, in_qsize 5, out_qsize 0
2025-07-18 19:16:07 - gensim.models.word2vec - INFO - EPOCH 3 - PROGRESS: at 63.39% examples, 254406 words/s, in_qsize 5, out_qsize 0
2025-07-18 19:16:08 - gensim.models.word2vec - INFO - EPOCH 3 - PROGRESS: at 67.40% examples, 255520 words/s, in_qsize 5, out_qsize 0
2025-07-18 19:16:09 - gensim.models.word2vec - INFO - EPOCH 3 - PROGRESS: at 71.43% examples, 256732 words/s, in_qsize 5, out_qsize 0
2025-07-18 19:16:10 - gensim.models.word2vec - INFO - EPOCH 3 - PROGRESS: at 75.50% examples, 257977 words/s, in_qsize 5, out_qsize 0
2025-07-18 19:16:11 - gensim.models.word2vec - INFO - EPOCH 3 - PROGRESS: at 79.54% examples, 258839 words/s, in_qsize 5, out_qsize 0
2025-07-18 19:16:12 - gensim.models.word2vec - INFO - EPOCH 3 - PROGRESS: at 83.69% examples, 260037 words/s, in_qsize 5, out_qsize 0
2025-07-18 19:16:13 - gensim.models.word2vec - INFO - EPOCH 3 - PROGRESS: at 87.54% examples, 260169 words/s, in_qsize 5, out_qsize 0
2025-07-18 19:16:14 - gensim.models.word2vec - INFO - EPOCH 3 - PROGRESS: at 91.44% examples, 260596 words/s, in_qsize 6, out_qsize 0
2025-07-18 19:16:15 - gensim.models.word2vec - INFO - EPOCH 3 - PROGRESS: at 95.35% examples, 261020 words/s, in_qsize 5, out_qsize 0
2025-07-18 19:16:16 - gensim.models.word2vec - INFO - EPOCH 3 - PROGRESS: at 99.37% examples, 261633 words/s, in_qsize 5, out_qsize 0
2025-07-18 19:16:16 - gensim.models.word2vec - INFO - EPOCH 3: training on 7446999 raw words (7020339 effective words) took 26.8s, 261931 effective words/s
2025-07-18 19:16:17 - gensim.models.word2vec - INFO - EPOCH 4 - PROGRESS: at 3.86% examples, 268708 words/s, in_qsize 5, out_qsize 0
2025-07-18 19:16:18 - gensim.models.word2vec - INFO - EPOCH 4 - PROGRESS: at 7.86% examples, 271816 words/s, in_qsize 5, out_qsize 0
2025-07-18 19:16:19 - gensim.models.word2vec - INFO - EPOCH 4 - PROGRESS: at 11.58% examples, 267636 words/s, in_qsize 5, out_qsize 0
2025-07-18 19:16:20 - gensim.models.word2vec - INFO - EPOCH 4 - PROGRESS: at 14.66% examples, 254290 words/s, in_qsize 5, out_qsize 0
2025-07-18 19:16:21 - gensim.models.word2vec - INFO - EPOCH 4 - PROGRESS: at 17.84% examples, 248297 words/s, in_qsize 5, out_qsize 0
2025-07-18 19:16:23 - gensim.models.word2vec - INFO - EPOCH 4 - PROGRESS: at 21.63% examples, 248695 words/s, in_qsize 5, out_qsize 0
2025-07-18 19:16:24 - gensim.models.word2vec - INFO - EPOCH 4 - PROGRESS: at 25.23% examples, 249078 words/s, in_qsize 6, out_qsize 0
2025-07-18 19:16:25 - gensim.models.word2vec - INFO - EPOCH 4 - PROGRESS: at 28.82% examples, 248222 words/s, in_qsize 5, out_qsize 0
2025-07-18 19:16:26 - gensim.models.word2vec - INFO - EPOCH 4 - PROGRESS: at 32.38% examples, 247785 words/s, in_qsize 5, out_qsize 0
2025-07-18 19:16:27 - gensim.models.word2vec - INFO - EPOCH 4 - PROGRESS: at 36.44% examples, 250079 words/s, in_qsize 5, out_qsize 0
2025-07-18 19:16:28 - gensim.models.word2vec - INFO - EPOCH 4 - PROGRESS: at 40.65% examples, 253520 words/s, in_qsize 5, out_qsize 0
2025-07-18 19:16:29 - gensim.models.word2vec - INFO - EPOCH 4 - PROGRESS: at 44.52% examples, 255078 words/s, in_qsize 5, out_qsize 0
2025-07-18 19:16:30 - gensim.models.word2vec - INFO - EPOCH 4 - PROGRESS: at 48.52% examples, 256562 words/s, in_qsize 5, out_qsize 0
2025-07-18 19:16:31 - gensim.models.word2vec - INFO - EPOCH 4 - PROGRESS: at 52.64% examples, 258735 words/s, in_qsize 5, out_qsize 0
2025-07-18 19:16:32 - gensim.models.word2vec - INFO - EPOCH 4 - PROGRESS: at 56.79% examples, 260421 words/s, in_qsize 5, out_qsize 0
2025-07-18 19:16:33 - gensim.models.word2vec - INFO - EPOCH 4 - PROGRESS: at 60.83% examples, 261098 words/s, in_qsize 5, out_qsize 0
2025-07-18 19:16:34 - gensim.models.word2vec - INFO - EPOCH 4 - PROGRESS: at 65.01% examples, 261889 words/s, in_qsize 5, out_qsize 0
2025-07-18 19:16:35 - gensim.models.word2vec - INFO - EPOCH 4 - PROGRESS: at 68.73% examples, 261898 words/s, in_qsize 5, out_qsize 0
2025-07-18 19:16:36 - gensim.models.word2vec - INFO - EPOCH 4 - PROGRESS: at 72.49% examples, 261743 words/s, in_qsize 5, out_qsize 0
2025-07-18 19:16:37 - gensim.models.word2vec - INFO - EPOCH 4 - PROGRESS: at 76.70% examples, 262764 words/s, in_qsize 5, out_qsize 0
2025-07-18 19:16:38 - gensim.models.word2vec - INFO - EPOCH 4 - PROGRESS: at 80.85% examples, 263920 words/s, in_qsize 5, out_qsize 0
2025-07-18 19:16:39 - gensim.models.word2vec - INFO - EPOCH 4 - PROGRESS: at 84.87% examples, 264214 words/s, in_qsize 5, out_qsize 0
2025-07-18 19:16:40 - gensim.models.word2vec - INFO - EPOCH 4 - PROGRESS: at 88.90% examples, 264974 words/s, in_qsize 5, out_qsize 0
2025-07-18 19:16:41 - gensim.models.word2vec - INFO - EPOCH 4 - PROGRESS: at 93.06% examples, 265753 words/s, in_qsize 5, out_qsize 0
2025-07-18 19:16:42 - gensim.models.word2vec - INFO - EPOCH 4 - PROGRESS: at 96.93% examples, 265628 words/s, in_qsize 5, out_qsize 0
2025-07-18 19:16:43 - gensim.models.word2vec - INFO - EPOCH 4: training on 7446999 raw words (7020334 effective words) took 26.4s, 265855 effective words/s
2025-07-18 19:16:43 - gensim.utils - INFO - Word2Vec lifecycle event {'msg': 'training on 37234995 raw words (35101617 effective words) took 128.2s, 273820 effective words/s', 'datetime': '2025-07-18T19:16:43.282369', 'gensim': '4.3.2', 'python': '3.11.9 (tags/v3.11.9:de54cf5, Apr  2 2024, 10:12:12) [MSC v.1938 64 bit (AMD64)]', 'platform': 'Windows-10-10.0.26100-SP0', 'event': 'train'}
2025-07-18 19:16:43 - gensim.utils - INFO - Word2Vec lifecycle event {'params': 'Word2Vec<vocab=38908, vector_size=100, alpha=0.025>', 'datetime': '2025-07-18T19:16:43.282369', 'gensim': '4.3.2', 'python': '3.11.9 (tags/v3.11.9:de54cf5, Apr  2 2024, 10:12:12) [MSC v.1938 64 bit (AMD64)]', 'platform': 'Windows-10-10.0.26100-SP0', 'event': 'created'}
2025-07-18 19:16:43 - root - INFO - Object saved successfully at: model\vectorizer.pkl
2025-07-18 19:16:43 - root - INFO - Word2Vec model saved successfully.
2025-07-18 19:16:43 - root - INFO - Vectorizing training and test sentences...
2025-07-18 19:16:53 - root - WARNING - No valid vectors found for sentence: cripppinnn
2025-07-18 19:16:55 - root - WARNING - No valid vectors found for sentence: bolesniciii
2025-07-18 19:16:56 - root - WARNING - No valid vectors found for sentence: griexsevia
2025-07-18 19:17:00 - root - WARNING - No valid vectors found for sentence: daaaaaaaad
2025-07-18 19:17:02 - root - WARNING - No valid vectors found for sentence: teska
2025-07-18 19:17:11 - root - WARNING - No valid vectors found for sentence: hahahahahahahahahahahahahahahahaha
2025-07-18 19:17:11 - root - WARNING - No valid vectors found for sentence: pederiiiii
2025-07-18 19:17:19 - root - WARNING - No valid vectors found for sentence: knackered
2025-07-18 19:17:19 - root - WARNING - No valid vectors found for sentence: normalni marsiraju samodopadno
2025-07-18 19:17:19 - root - WARNING - No valid vectors found for sentence: pedos
2025-07-18 19:17:21 - root - WARNING - No valid vectors found for sentence: nationalroseday
2025-07-18 19:17:35 - root - WARNING - No valid vectors found for sentence: gofuckyourself
2025-07-18 19:17:41 - root - WARNING - No valid vectors found for sentence: newp
2025-07-18 19:17:46 - root - WARNING - No valid vectors found for sentence: yessssss
2025-07-18 19:17:50 - root - WARNING - No valid vectors found for sentence: jfc
2025-07-18 19:17:56 - root - WARNING - No valid vectors found for sentence: makenzie
2025-07-18 19:18:00 - root - WARNING - No valid vectors found for sentence: lolllllll
2025-07-18 19:18:01 - root - WARNING - No valid vectors found for sentence: loooooooos
2025-07-18 19:18:11 - root - WARNING - No valid vectors found for sentence: kretenizam
2025-07-18 19:18:16 - root - WARNING - No valid vectors found for sentence: idit
2025-07-18 19:18:17 - root - WARNING - No valid vectors found for sentence: triplecatbox
2025-07-18 19:18:22 - root - WARNING - No valid vectors found for sentence: hahahahahahahahahah
2025-07-18 19:18:22 - root - WARNING - No valid vectors found for sentence: kume
2025-07-18 19:18:23 - root - WARNING - No valid vectors found for sentence: meandmygirl mybabygirlai
2025-07-18 19:18:24 - root - WARNING - No valid vectors found for sentence: gluposti
2025-07-18 19:18:25 - root - WARNING - No valid vectors found for sentence: blaaaaaack nnnnnneed shhhhhhhhhhotttttt
2025-07-18 19:18:34 - root - WARNING - No valid vectors found for sentence: idkk mwauuuhhh
2025-07-18 19:18:35 - root - WARNING - No valid vectors found for sentence: seasone
2025-07-18 19:18:37 - root - WARNING - No valid vectors found for sentence: darko lukacevic
2025-07-18 19:18:41 - root - WARNING - No valid vectors found for sentence: wrng
2025-07-18 19:18:46 - root - WARNING - No valid vectors found for sentence: hardtop
2025-07-18 19:18:48 - root - WARNING - No valid vectors found for sentence: draaaaaag wrooooonggg
2025-07-18 19:18:49 - root - WARNING - No valid vectors found for sentence: yessssssss
2025-07-18 19:18:57 - root - WARNING - No valid vectors found for sentence: thanksssssssssssssssssssssssssssss
2025-07-18 19:18:57 - root - WARNING - No valid vectors found for sentence: wikipediablocked
2025-07-18 19:19:00 - root - WARNING - No valid vectors found for sentence: napokoooooon
2025-07-18 19:19:00 - root - WARNING - No valid vectors found for sentence: demonkracija
2025-07-18 19:19:00 - root - WARNING - No valid vectors found for sentence: youpi hihihi
2025-07-18 19:19:00 - root - WARNING - No valid vectors found for sentence: sljam
2025-07-18 19:19:02 - root - WARNING - No valid vectors found for sentence: arabica
2025-07-18 19:19:02 - root - WARNING - No valid vectors found for sentence: bandurria
2025-07-18 19:19:04 - root - WARNING - No valid vectors found for sentence: soooooooooooooooooooooooooooooooooooooooooooooooooooooooooooo bbbbbboooooorrrriiiinnnngggg
2025-07-18 19:19:08 - root - WARNING - No valid vectors found for sentence: joiieeeee allover
2025-07-18 19:19:17 - root - WARNING - No valid vectors found for sentence: tena naric
2025-07-18 19:19:19 - root - WARNING - No valid vectors found for sentence: janniejdoe
2025-07-18 19:19:20 - root - WARNING - No valid vectors found for sentence: mackie
2025-07-18 19:19:21 - root - WARNING - No valid vectors found for sentence: neverrrrrrrrrrr
2025-07-18 19:19:22 - root - WARNING - No valid vectors found for sentence: opendocument
2025-07-18 19:19:25 - root - WARNING - No valid vectors found for sentence: lazovi
2025-07-18 19:19:26 - root - WARNING - No valid vectors found for sentence: dnt
2025-07-18 19:19:31 - root - WARNING - No valid vectors found for sentence: yupiiii
2025-07-18 19:19:31 - root - WARNING - No valid vectors found for sentence: bandura
2025-07-18 19:19:35 - root - WARNING - No valid vectors found for sentence: suckkkkkkkkkkkkkkk
2025-07-18 19:19:36 - root - WARNING - No valid vectors found for sentence: katica vukovac vidakovic
2025-07-18 19:19:49 - root - WARNING - No valid vectors found for sentence: maninstone
2025-07-18 19:19:50 - root - WARNING - No valid vectors found for sentence: ngitingtagumpay
2025-07-18 19:19:51 - root - WARNING - No valid vectors found for sentence: epona epona epona epona
2025-07-18 19:19:57 - root - WARNING - No valid vectors found for sentence: benten
2025-07-18 19:19:57 - root - WARNING - No valid vectors found for sentence: dramatized
2025-07-18 19:20:02 - root - WARNING - No valid vectors found for sentence: premalo
2025-07-18 19:20:06 - root - WARNING - No valid vectors found for sentence: shitpussiessay
2025-07-18 19:20:12 - root - WARNING - No valid vectors found for sentence: aisa
2025-07-18 19:20:13 - root - WARNING - No valid vectors found for sentence: sck
2025-07-18 19:20:14 - root - WARNING - No valid vectors found for sentence: hebeni ritopikaci
2025-07-18 19:20:15 - root - WARNING - No valid vectors found for sentence: doomentio
2025-07-18 19:20:17 - root - WARNING - No valid vectors found for sentence: definately
2025-07-18 19:20:23 - root - WARNING - No valid vectors found for sentence: lomi
2025-07-18 19:20:23 - root - WARNING - No valid vectors found for sentence: twp
2025-07-18 19:20:31 - root - WARNING - No valid vectors found for sentence: lodger
2025-07-18 19:20:32 - root - WARNING - No valid vectors found for sentence: matruman
2025-07-18 19:20:34 - root - WARNING - No valid vectors found for sentence: lakerss
2025-07-18 19:20:44 - root - WARNING - No valid vectors found for sentence: heyllo
2025-07-18 19:20:45 - root - WARNING - No valid vectors found for sentence: krepaj
2025-07-18 19:20:46 - root - WARNING - No valid vectors found for sentence: ivor silicic
2025-07-18 19:20:54 - root - WARNING - No valid vectors found for sentence: blackwindow chroma
2025-07-18 19:20:55 - root - WARNING - No valid vectors found for sentence: subban
2025-07-18 19:20:59 - root - WARNING - No valid vectors found for sentence: mmmmmusssssslllllllllllllimmmmz traaaaaaassssssssssh
2025-07-18 19:20:59 - root - WARNING - No valid vectors found for sentence: hahhhahahah
2025-07-18 19:21:02 - root - WARNING - No valid vectors found for sentence: idiotizam
2025-07-18 19:21:03 - root - WARNING - No valid vectors found for sentence: hups
2025-07-18 19:21:09 - root - WARNING - No valid vectors found for sentence: siiiigh
2025-07-18 19:21:09 - root - WARNING - No valid vectors found for sentence: peskier
2025-07-18 19:21:11 - root - WARNING - No valid vectors found for sentence: primitivci
2025-07-18 19:21:13 - root - WARNING - No valid vectors found for sentence: pizde placekicker
2025-07-18 19:21:14 - root - WARNING - No valid vectors found for sentence: bullcrap
2025-07-18 19:21:15 - root - WARNING - No valid vectors found for sentence: hahahahahhaahhahahahahaahahhahahahahahahahahahahahahahahah
2025-07-18 19:21:21 - root - WARNING - No valid vectors found for sentence: pirateesss
2025-07-18 19:21:21 - root - WARNING - No valid vectors found for sentence: stanced
2025-07-18 19:21:25 - root - WARNING - No valid vectors found for sentence: dieeeeeeeeeeeeeeeeeeeee
2025-07-18 19:21:28 - root - WARNING - No valid vectors found for sentence: ostojicu otkazzz
2025-07-18 19:21:30 - root - WARNING - No valid vectors found for sentence: hihihihihi
2025-07-18 19:21:30 - root - WARNING - No valid vectors found for sentence: greeeeeeeeeeeen
2025-07-18 19:21:37 - root - WARNING - No valid vectors found for sentence: ttunderstandmetaphors
2025-07-18 19:21:41 - root - WARNING - No valid vectors found for sentence: waaaiiiitttt
2025-07-18 19:21:42 - root - WARNING - No valid vectors found for sentence: swheeet
2025-07-18 19:21:48 - root - WARNING - No valid vectors found for sentence: getthetenyearoldsoffhereplease
2025-07-18 19:21:48 - root - WARNING - No valid vectors found for sentence: rojonegro
2025-07-18 19:21:53 - root - WARNING - No valid vectors found for sentence: lolss
2025-07-18 19:21:54 - root - WARNING - No valid vectors found for sentence: mangosteen
2025-07-18 19:21:55 - root - WARNING - No valid vectors found for sentence: hajahahqhahagahsha
2025-07-18 19:21:55 - root - WARNING - No valid vectors found for sentence: kombi
2025-07-18 19:22:00 - root - WARNING - No valid vectors found for sentence: sherurcij
2025-07-18 19:22:11 - root - WARNING - No valid vectors found for sentence: alelujaaaaa
2025-07-18 19:22:17 - root - WARNING - No valid vectors found for sentence: sooooooo luckyyyyy
2025-07-18 19:22:21 - root - WARNING - No valid vectors found for sentence: ckute
2025-07-18 19:22:22 - root - WARNING - No valid vectors found for sentence: traaaniiieeesss eliiiimiiiinateeed
2025-07-18 19:22:22 - root - WARNING - No valid vectors found for sentence: pedercineeeeee
2025-07-18 19:22:25 - root - WARNING - No valid vectors found for sentence: izazivanje
2025-07-18 19:22:26 - root - WARNING - No valid vectors found for sentence: stiskavac
2025-07-18 19:22:26 - root - WARNING - No valid vectors found for sentence: potpisujem
2025-07-18 19:22:27 - root - WARNING - No valid vectors found for sentence: evangel
2025-07-18 19:22:31 - root - WARNING - No valid vectors found for sentence: kretenusa
2025-07-18 19:22:34 - root - WARNING - No valid vectors found for sentence: wikipediablocked
2025-07-18 19:22:35 - root - WARNING - No valid vectors found for sentence: wrse
2025-07-18 19:22:36 - root - WARNING - No valid vectors found for sentence: mmmmmusssssssslims trrrrrrrrasssshhhhh
2025-07-18 19:22:38 - root - WARNING - No valid vectors found for sentence: razvaljujj
2025-07-18 19:22:39 - root - WARNING - No valid vectors found for sentence: ceterizine zyrtec benadryl diphenhydramine
2025-07-18 19:22:43 - root - WARNING - No valid vectors found for sentence: templatedata
2025-07-18 19:22:51 - root - WARNING - No valid vectors found for sentence: fathersdayai specialaia
2025-07-18 19:22:54 - root - WARNING - No valid vectors found for sentence: ammmmmbbaaaaaa
2025-07-18 19:22:55 - root - WARNING - No valid vectors found for sentence: follback
2025-07-18 19:22:57 - root - WARNING - No valid vectors found for sentence: womderful
2025-07-18 19:22:57 - root - WARNING - No valid vectors found for sentence: maskare
2025-07-18 19:23:02 - root - WARNING - No valid vectors found for sentence: hhahahahahhhahahahahahahahahhahaahha
2025-07-18 19:23:05 - root - WARNING - No valid vectors found for sentence: kkkkayy
2025-07-18 19:23:08 - root - WARNING - No valid vectors found for sentence: ahmen
2025-07-18 19:23:09 - root - WARNING - No valid vectors found for sentence: lumidek
2025-07-18 19:23:10 - root - WARNING - No valid vectors found for sentence: opposeleave
2025-07-18 19:23:12 - root - WARNING - No valid vectors found for sentence: traaansss wroooonggg
2025-07-18 19:23:16 - root - WARNING - No valid vectors found for sentence: manky
2025-07-18 19:23:20 - root - WARNING - No valid vectors found for sentence: womeeeeeeeeeeeeeeeeeen traaaaaaaaaaaaaaaaaaaaaaaaaaaaaaaaaaaash
2025-07-18 19:23:22 - root - WARNING - No valid vectors found for sentence: budimo gluuuuuuupi
2025-07-18 19:23:26 - root - WARNING - No valid vectors found for sentence: okaydokay
2025-07-18 19:23:26 - root - WARNING - No valid vectors found for sentence: usercrocker
2025-07-18 19:23:27 - root - WARNING - No valid vectors found for sentence: foliage
2025-07-18 19:23:29 - root - WARNING - No valid vectors found for sentence: yeaaaahh
2025-07-18 19:23:30 - root - WARNING - No valid vectors found for sentence: ozbiljno
2025-07-18 19:23:37 - root - WARNING - No valid vectors found for sentence: qual
2025-07-18 19:23:40 - root - WARNING - No valid vectors found for sentence: seronja xxl
2025-07-18 19:23:43 - root - WARNING - No valid vectors found for sentence: dekapitirati
2025-07-18 19:23:44 - root - WARNING - No valid vectors found for sentence: bravooooo
2025-07-18 19:23:46 - root - WARNING - No valid vectors found for sentence: jessielturner
2025-07-18 19:23:47 - root - WARNING - No valid vectors found for sentence: hahahahhahah thakssssssssssssss
2025-07-18 19:23:49 - root - WARNING - No valid vectors found for sentence: fuuuuuuuj
2025-07-18 19:23:49 - root - WARNING - No valid vectors found for sentence: shillll
2025-07-18 19:23:53 - root - WARNING - No valid vectors found for sentence: ifollowback
2025-07-18 19:23:56 - root - WARNING - No valid vectors found for sentence: freshen snaphaan
2025-07-18 19:23:57 - root - WARNING - No valid vectors found for sentence: douuuuuuuuuuuuuuuuuuuuuuuuuuuuuuuuuuuuuuuuuuuuuuche baaaaaaaaaaaaaaaaaaaaaaaaaaaaaaaaaaaaaaaaaaaaaaaaaaag
2025-07-18 19:23:58 - root - WARNING - No valid vectors found for sentence: tongueouttuesday
2025-07-18 19:24:03 - root - WARNING - No valid vectors found for sentence: licimjerko
2025-07-18 19:24:04 - root - WARNING - No valid vectors found for sentence: siiiiiiiiiiiiiiiiiiiiiiiigh
2025-07-18 19:24:04 - root - WARNING - No valid vectors found for sentence: noopee
2025-07-18 19:24:09 - root - WARNING - No valid vectors found for sentence: shipshape
2025-07-18 19:24:16 - root - WARNING - No valid vectors found for sentence: greathonour careerconvos
2025-07-18 19:24:19 - root - WARNING - No valid vectors found for sentence: kilolumen
2025-07-18 19:24:21 - root - WARNING - No valid vectors found for sentence: katastrofa
2025-07-18 19:24:22 - root - WARNING - No valid vectors found for sentence: mmmmmusssssssslims trrrrrrrrasssshhhhh
2025-07-18 19:24:25 - root - WARNING - No valid vectors found for sentence: hmmmmmmmmmmmmmmmmmmmmmmmmmmmmmmmmmmmmmmmmmmmmmmmmmm
2025-07-18 19:24:28 - root - WARNING - No valid vectors found for sentence: wiktionaryarchicebidae wiktionaryarchicebus
2025-07-18 19:24:29 - root - WARNING - No valid vectors found for sentence: untreatable
2025-07-18 19:24:30 - root - WARNING - No valid vectors found for sentence: zdzisaw
2025-07-18 19:24:34 - root - WARNING - No valid vectors found for sentence: nuklearnu
2025-07-18 19:24:37 - root - WARNING - No valid vectors found for sentence: obesedyke
2025-07-18 19:24:39 - root - WARNING - No valid vectors found for sentence: helloooooo
2025-07-18 19:24:44 - root - WARNING - No valid vectors found for sentence: vvvvvvvummmmmmmmm
2025-07-18 19:24:48 - root - WARNING - No valid vectors found for sentence: sljam neradnici predefine
2025-07-18 19:24:53 - root - WARNING - No valid vectors found for sentence: degenerluk
2025-07-18 19:24:56 - root - WARNING - No valid vectors found for sentence: covet
2025-07-18 19:24:57 - root - WARNING - No valid vectors found for sentence: gofuckyourself
2025-07-18 19:24:59 - root - WARNING - No valid vectors found for sentence: pderisanje
2025-07-18 19:25:04 - root - WARNING - No valid vectors found for sentence: porphyria hemophiliac
2025-07-18 19:25:05 - root - WARNING - No valid vectors found for sentence: bovvered
2025-07-18 19:25:07 - root - WARNING - No valid vectors found for sentence: titleholder
2025-07-18 19:25:10 - root - WARNING - No valid vectors found for sentence: shingy
2025-07-18 19:25:15 - root - WARNING - No valid vectors found for sentence: milion
2025-07-18 19:25:16 - root - WARNING - No valid vectors found for sentence: bafoonicus
2025-07-18 19:25:20 - root - WARNING - No valid vectors found for sentence: yeeeeess
2025-07-18 19:25:22 - root - WARNING - No valid vectors found for sentence: fowles
2025-07-18 19:25:23 - root - WARNING - No valid vectors found for sentence: sramotaaaaa zds
2025-07-18 19:25:25 - root - WARNING - No valid vectors found for sentence: tabiahhhh
2025-07-18 19:25:26 - root - WARNING - No valid vectors found for sentence: hahahahahahahhahahahahahahahahahahhahahahahahahahahahahaahahhahaahhahahaahahahaaaaaa
2025-07-18 19:25:27 - root - WARNING - No valid vectors found for sentence: muahaha
2025-07-18 19:25:28 - root - WARNING - No valid vectors found for sentence: resul mehmedovic
2025-07-18 19:25:30 - root - WARNING - No valid vectors found for sentence: weareincontrol
2025-07-18 19:25:35 - root - WARNING - No valid vectors found for sentence: gldelig
2025-07-18 19:25:42 - root - WARNING - No valid vectors found for sentence: mmmhm
2025-07-18 19:25:44 - root - WARNING - No valid vectors found for sentence: hejjj sirree
2025-07-18 19:25:45 - root - WARNING - No valid vectors found for sentence: bihdaysway bihdaysway bihdaysway bihdaysway
2025-07-18 19:25:48 - root - WARNING - No valid vectors found for sentence: illusional
2025-07-18 19:25:50 - root - WARNING - No valid vectors found for sentence: bcashhhhhhhhhhconnectttt
2025-07-18 19:25:57 - root - WARNING - No valid vectors found for sentence: aiaiaiaiaiaiaiaiaiaiai
2025-07-18 19:25:57 - root - WARNING - No valid vectors found for sentence: predivno
2025-07-18 19:26:00 - root - WARNING - No valid vectors found for sentence: neljudi
2025-07-18 19:26:01 - root - WARNING - No valid vectors found for sentence: extracellular
2025-07-18 19:26:19 - root - WARNING - No valid vectors found for sentence: katolibani
2025-07-18 19:26:21 - root - WARNING - No valid vectors found for sentence: ghostghostghostghostghost
2025-07-18 19:26:25 - root - WARNING - No valid vectors found for sentence: snooor
2025-07-18 19:26:27 - root - WARNING - No valid vectors found for sentence: veco kaluerovic
2025-07-18 19:26:31 - root - WARNING - No valid vectors found for sentence: immigrantssssss
2025-07-18 19:26:32 - root - WARNING - No valid vectors found for sentence: okaaaay
2025-07-18 19:26:34 - root - WARNING - No valid vectors found for sentence: ashmolean
2025-07-18 19:26:34 - root - WARNING - No valid vectors found for sentence: wuuuuuuuussssssssssbombbombbombbombbombbombbombbombbomb
2025-07-18 19:26:36 - root - WARNING - No valid vectors found for sentence: staranurag
2025-07-18 19:26:37 - root - WARNING - No valid vectors found for sentence: lesimari novinarski
2025-07-18 19:26:38 - root - WARNING - No valid vectors found for sentence: pocky
2025-07-18 19:26:43 - root - WARNING - No valid vectors found for sentence: riiiiiiiiiiiiiiiiiiiiiiiiiiiiiiiiiiiiiiiiiiiiiiiiiiiiight
2025-07-18 19:26:53 - root - WARNING - No valid vectors found for sentence: exorcised
2025-07-18 19:26:54 - root - WARNING - No valid vectors found for sentence: gotovi
2025-07-18 19:26:56 - root - WARNING - No valid vectors found for sentence: goooooood
2025-07-18 19:27:09 - root - WARNING - No valid vectors found for sentence: hematite
2025-07-18 19:27:15 - root - WARNING - No valid vectors found for sentence: ovrhoatelje
2025-07-18 19:27:18 - root - WARNING - No valid vectors found for sentence: gumboot
2025-07-18 19:27:24 - root - WARNING - No valid vectors found for sentence: umrite
2025-07-18 19:27:32 - root - WARNING - No valid vectors found for sentence: gansta
2025-07-18 19:27:34 - root - WARNING - No valid vectors found for sentence: ssssssshhhhhhhooooot bllllllakkk
2025-07-18 19:27:43 - root - WARNING - No valid vectors found for sentence: hahahahhahaha
2025-07-18 19:27:47 - root - WARNING - No valid vectors found for sentence: achtung
2025-07-18 19:27:49 - root - WARNING - No valid vectors found for sentence: preslagivanje
2025-07-18 19:27:53 - root - WARNING - No valid vectors found for sentence: duje caviar
2025-07-18 19:27:54 - root - WARNING - No valid vectors found for sentence: duska
2025-07-18 19:27:55 - root - WARNING - No valid vectors found for sentence: bombbombbombbombbomb
2025-07-18 19:27:57 - root - WARNING - No valid vectors found for sentence: markic podbacila
2025-07-18 19:27:58 - root - WARNING - No valid vectors found for sentence: geoeg geog
2025-07-18 19:28:00 - root - WARNING - No valid vectors found for sentence: heeeermiiieeeess nooooormaaaaal
2025-07-18 19:28:00 - root - WARNING - No valid vectors found for sentence: wwwwwwwommmmmmmen beeeeeeest ner
2025-07-18 19:28:03 - root - WARNING - No valid vectors found for sentence: sarashi
2025-07-18 19:28:10 - root - WARNING - No valid vectors found for sentence: puddudfudfuues ueuuuddud ufu
2025-07-18 19:28:10 - root - WARNING - No valid vectors found for sentence: wmen whres
2025-07-18 19:28:11 - root - WARNING - No valid vectors found for sentence: goodfellas
2025-07-18 19:28:12 - root - WARNING - No valid vectors found for sentence: prayingfororlando prayingforeveryone
2025-07-18 19:28:15 - root - WARNING - No valid vectors found for sentence: samoljubav
2025-07-18 19:28:17 - root - WARNING - No valid vectors found for sentence: fartacus
2025-07-18 19:28:20 - root - WARNING - No valid vectors found for sentence: faaaaake
2025-07-18 19:28:26 - root - WARNING - No valid vectors found for sentence: salji salji
2025-07-18 19:28:29 - root - WARNING - No valid vectors found for sentence: dependss
2025-07-18 19:28:29 - root - WARNING - No valid vectors found for sentence: usercfif
2025-07-18 19:28:32 - root - WARNING - No valid vectors found for sentence: sureeee
2025-07-18 19:28:33 - root - WARNING - No valid vectors found for sentence: yesallwomenbelonginthekitchen
2025-07-18 19:28:34 - root - WARNING - No valid vectors found for sentence: glenpeterson
2025-07-18 19:28:38 - root - WARNING - No valid vectors found for sentence: rnil
2025-07-18 19:28:45 - root - WARNING - No valid vectors found for sentence: sliver
2025-07-18 19:28:47 - root - WARNING - No valid vectors found for sentence: brrrrrrrr
2025-07-18 19:28:47 - root - WARNING - No valid vectors found for sentence: birdbrain
2025-07-18 19:28:48 - root - WARNING - No valid vectors found for sentence: najebali
2025-07-18 19:28:48 - root - WARNING - No valid vectors found for sentence: ranted
2025-07-18 19:28:50 - root - WARNING - No valid vectors found for sentence: fuccckkkkkkkkk
2025-07-18 19:28:51 - root - WARNING - No valid vectors found for sentence: gyspsies
2025-07-18 19:28:55 - root - WARNING - No valid vectors found for sentence: kingggg
2025-07-18 19:28:56 - root - WARNING - No valid vectors found for sentence: usfuckkkkkkkkkkkkkkkkkkkkkkkkkkkkkkkkkkkkkkkkkkk uuuuuuuuuuuuuuuuuuuuuuuuuuu ddddddddddiiiiiiiiiiiccccccccccckkkkkkkkkk
2025-07-18 19:28:56 - root - WARNING - No valid vectors found for sentence: riiiight
2025-07-18 19:29:00 - root - WARNING - No valid vectors found for sentence: yepppppppp
2025-07-18 19:29:05 - root - WARNING - No valid vectors found for sentence: stfuuuuu
2025-07-18 19:29:06 - root - WARNING - No valid vectors found for sentence: freehold
2025-07-18 19:29:08 - root - WARNING - No valid vectors found for sentence: avanti azzurri
2025-07-18 19:29:08 - root - WARNING - No valid vectors found for sentence: modtalkleak
2025-07-18 19:29:09 - root - WARNING - No valid vectors found for sentence: skup umobolnika
2025-07-18 19:29:10 - root - WARNING - No valid vectors found for sentence: novokomponirani
2025-07-18 19:29:12 - root - WARNING - No valid vectors found for sentence: kkkkkkkkk
2025-07-18 19:29:14 - root - WARNING - No valid vectors found for sentence: hahahahaahha
2025-07-18 19:29:14 - root - WARNING - No valid vectors found for sentence: takeje
2025-07-18 19:29:17 - root - WARNING - No valid vectors found for sentence: rayc
2025-07-18 19:29:20 - root - WARNING - No valid vectors found for sentence: veesicle vesicle
2025-07-18 19:29:20 - root - WARNING - No valid vectors found for sentence: okayy
2025-07-18 19:29:21 - root - WARNING - No valid vectors found for sentence: templateunsigned
2025-07-18 19:29:22 - root - WARNING - No valid vectors found for sentence: userstwalkerster
2025-07-18 19:29:25 - root - WARNING - No valid vectors found for sentence: userlrothenberg
2025-07-18 19:29:29 - root - WARNING - No valid vectors found for sentence: neeecxttt stuttgaopen
2025-07-18 19:29:33 - root - WARNING - No valid vectors found for sentence: matcha
2025-07-18 19:29:34 - root - WARNING - No valid vectors found for sentence: ubre thicko
2025-07-18 19:29:36 - root - WARNING - No valid vectors found for sentence: gloucesterrugby
2025-07-18 19:29:41 - root - WARNING - No valid vectors found for sentence: fujjjjjj
2025-07-18 19:29:43 - root - WARNING - No valid vectors found for sentence: inselbergs
2025-07-18 19:29:43 - root - WARNING - No valid vectors found for sentence: booooring
2025-07-18 19:29:43 - root - WARNING - No valid vectors found for sentence: stopimmigration
2025-07-18 19:29:55 - root - WARNING - No valid vectors found for sentence: templateunsignedip
2025-07-18 19:29:56 - root - WARNING - No valid vectors found for sentence: metallurgy
2025-07-18 19:30:01 - root - WARNING - No valid vectors found for sentence: pffffffffffffffft
2025-07-18 19:30:02 - root - WARNING - No valid vectors found for sentence: sveiks
2025-07-18 19:30:07 - root - WARNING - No valid vectors found for sentence: gorgosity
2025-07-18 19:30:09 - root - WARNING - No valid vectors found for sentence: jupiiiii
2025-07-18 19:30:12 - root - WARNING - No valid vectors found for sentence: gujina
2025-07-18 19:30:13 - root - WARNING - No valid vectors found for sentence: matchbook
2025-07-18 19:30:15 - root - WARNING - No valid vectors found for sentence: ilyke
2025-07-18 19:30:17 - root - WARNING - No valid vectors found for sentence: ahahahahahah
2025-07-18 19:30:25 - root - WARNING - No valid vectors found for sentence: wasmadwasibnoworsteverws
2025-07-18 19:30:26 - root - WARNING - No valid vectors found for sentence: shhhh
2025-07-18 19:30:28 - root - WARNING - No valid vectors found for sentence: szeptember
2025-07-18 19:30:30 - root - WARNING - No valid vectors found for sentence: bluerain
2025-07-18 19:30:35 - root - WARNING - No valid vectors found for sentence: jeannette belleau
2025-07-18 19:30:36 - root - WARNING - No valid vectors found for sentence: kretenaaaaaa
2025-07-18 19:30:39 - root - WARNING - No valid vectors found for sentence: darksky
2025-07-18 19:30:39 - root - WARNING - No valid vectors found for sentence: jad tuga bipedal
2025-07-18 19:30:43 - root - WARNING - No valid vectors found for sentence: niggaaahhhh
2025-07-18 19:30:46 - root - WARNING - No valid vectors found for sentence: jad bipedal
2025-07-18 19:30:47 - root - WARNING - No valid vectors found for sentence: czynski
2025-07-18 19:30:47 - root - WARNING - No valid vectors found for sentence: childess
2025-07-18 19:30:49 - root - WARNING - No valid vectors found for sentence: foooooooooooooood
2025-07-18 19:30:51 - root - WARNING - No valid vectors found for sentence: templatemoogfest templatemoogfest templatemormoopidae
2025-07-18 19:30:57 - root - WARNING - No valid vectors found for sentence: wrng
2025-07-18 19:30:59 - root - WARNING - No valid vectors found for sentence: zdravko
2025-07-18 19:31:02 - root - WARNING - No valid vectors found for sentence: bolesno
2025-07-18 19:31:04 - root - WARNING - No valid vectors found for sentence: blackmilk
2025-07-18 19:31:04 - root - WARNING - No valid vectors found for sentence: twraj
2025-07-18 19:31:05 - root - WARNING - No valid vectors found for sentence: substunsigned
2025-07-18 19:31:11 - root - WARNING - No valid vectors found for sentence: kralj
2025-07-18 19:31:13 - root - WARNING - No valid vectors found for sentence: lmfaoooooo
2025-07-18 19:31:16 - root - WARNING - No valid vectors found for sentence: tipicno muslimanski
2025-07-18 19:31:16 - root - WARNING - No valid vectors found for sentence: jeffreesworld
2025-07-18 19:31:19 - root - WARNING - No valid vectors found for sentence: martinevans
2025-07-18 19:31:19 - root - WARNING - No valid vectors found for sentence: wikimath
2025-07-18 19:31:23 - root - WARNING - No valid vectors found for sentence: nanette
2025-07-18 19:31:27 - root - WARNING - No valid vectors found for sentence: jtpm
2025-07-18 19:31:28 - root - WARNING - No valid vectors found for sentence: reow
2025-07-18 19:31:32 - root - WARNING - No valid vectors found for sentence: btl
2025-07-18 19:31:34 - root - WARNING - No valid vectors found for sentence: excellentttt
2025-07-18 19:31:38 - root - WARNING - No valid vectors found for sentence: mrbadgersir
2025-07-18 19:31:39 - root - WARNING - No valid vectors found for sentence: abloo bloo
2025-07-18 19:31:43 - root - WARNING - No valid vectors found for sentence: neoballmon
2025-07-18 19:31:43 - root - WARNING - No valid vectors found for sentence: beachhh
2025-07-18 19:31:45 - root - WARNING - No valid vectors found for sentence: nopeee
2025-07-18 19:31:47 - root - WARNING - No valid vectors found for sentence: primitivac
2025-07-18 19:31:48 - root - WARNING - No valid vectors found for sentence: odvraaaatnooooooooooo
2025-07-18 19:31:51 - root - WARNING - No valid vectors found for sentence: vietminh
2025-07-18 19:31:54 - root - WARNING - No valid vectors found for sentence: wpww
2025-07-18 19:31:58 - root - WARNING - No valid vectors found for sentence: blaxican
2025-07-18 19:32:00 - root - WARNING - No valid vectors found for sentence: evrik
2025-07-18 19:32:01 - root - WARNING - No valid vectors found for sentence: aaaaaaaaaaa
2025-07-18 19:32:02 - root - WARNING - No valid vectors found for sentence: hahahahahahahahahahaha
2025-07-18 19:32:04 - root - WARNING - No valid vectors found for sentence: userevlekis
2025-07-18 19:32:05 - root - WARNING - No valid vectors found for sentence: sxual
2025-07-18 19:32:07 - root - WARNING - No valid vectors found for sentence: queeeeeeeeeeers freeeaaaks
2025-07-18 19:32:16 - root - WARNING - No valid vectors found for sentence: ndy
2025-07-18 19:32:16 - root - WARNING - No valid vectors found for sentence: spyderboi
2025-07-18 19:32:17 - root - WARNING - No valid vectors found for sentence: yeassssssss
2025-07-18 19:32:17 - root - WARNING - No valid vectors found for sentence: bernarda fibrotic
2025-07-18 19:32:18 - root - WARNING - No valid vectors found for sentence: niiicce
2025-07-18 19:32:19 - root - WARNING - No valid vectors found for sentence: friendszxc
2025-07-18 19:32:23 - root - WARNING - No valid vectors found for sentence: mikexx mikexx
2025-07-18 19:32:24 - root - WARNING - No valid vectors found for sentence: chatterbox
2025-07-18 19:32:25 - root - WARNING - No valid vectors found for sentence: narwhal
2025-07-18 19:32:27 - root - WARNING - No valid vectors found for sentence: ravnaaaaj
2025-07-18 19:32:31 - root - WARNING - No valid vectors found for sentence: codehpro
2025-07-18 19:32:31 - root - WARNING - No valid vectors found for sentence: bolestniki
2025-07-18 19:32:31 - root - WARNING - No valid vectors found for sentence: govna
2025-07-18 19:32:34 - root - WARNING - No valid vectors found for sentence: izigravaj dobrotvora
2025-07-18 19:32:34 - root - WARNING - No valid vectors found for sentence: tdt
2025-07-18 19:32:39 - root - WARNING - No valid vectors found for sentence: splicani odignorirali
2025-07-18 19:32:42 - root - WARNING - No valid vectors found for sentence: yeppppppppppppppppppp
2025-07-18 19:32:43 - root - WARNING - No valid vectors found for sentence: politifuldm
2025-07-18 19:32:45 - root - WARNING - No valid vectors found for sentence: hhhahahaahahah
2025-07-18 19:32:46 - root - WARNING - No valid vectors found for sentence: teriristima
2025-07-18 19:32:47 - root - WARNING - No valid vectors found for sentence: timmeh
2025-07-18 19:32:54 - root - WARNING - No valid vectors found for sentence: knowwwwwww
2025-07-18 19:32:54 - root - WARNING - No valid vectors found for sentence: hahahahahhahau
2025-07-18 19:32:58 - root - WARNING - No valid vectors found for sentence: haaaaaaaaaaahaaaaaaaaaaaaahaaaaaaaaaaaaaaaaa
2025-07-18 19:33:01 - root - WARNING - No valid vectors found for sentence: stephanieeeeey
2025-07-18 19:33:02 - root - WARNING - No valid vectors found for sentence: mrn
2025-07-18 19:33:03 - root - WARNING - No valid vectors found for sentence: bfg
2025-07-18 19:33:04 - root - WARNING - No valid vectors found for sentence: usdt
2025-07-18 19:33:25 - root - WARNING - No valid vectors found for sentence: roxbury
2025-07-18 19:33:26 - root - WARNING - No valid vectors found for sentence: viscotoxin
2025-07-18 19:33:27 - root - WARNING - No valid vectors found for sentence: damir vladek
2025-07-18 19:33:31 - root - WARNING - No valid vectors found for sentence: siiiiiiigh
2025-07-18 19:33:33 - root - WARNING - No valid vectors found for sentence: askhermore
2025-07-18 19:33:33 - root - WARNING - No valid vectors found for sentence: pffffft
2025-07-18 19:33:41 - root - WARNING - No valid vectors found for sentence: shitttt
2025-07-18 19:33:46 - root - WARNING - No valid vectors found for sentence: aragorn
2025-07-18 19:33:50 - root - WARNING - No valid vectors found for sentence: keokuk
2025-07-18 19:34:01 - root - WARNING - No valid vectors found for sentence: anotherwomanwedding bridgetown
2025-07-18 19:34:02 - root - WARNING - No valid vectors found for sentence: nooooooo
2025-07-18 19:34:07 - root - WARNING - No valid vectors found for sentence: tylertyler
2025-07-18 19:34:07 - root - WARNING - No valid vectors found for sentence: iiiiiii
2025-07-18 19:34:08 - root - WARNING - No valid vectors found for sentence: smjer siptarologija
2025-07-18 19:34:09 - root - WARNING - No valid vectors found for sentence: fuckkkkkkkkk
2025-07-18 19:34:14 - root - WARNING - No valid vectors found for sentence: fuckkkkkkkkkkkkkkkkkkkkkkkkkkkkkkkkkkkkkkkkkkkkkkkkkkk
2025-07-18 19:34:14 - root - WARNING - No valid vectors found for sentence: poturak
2025-07-18 19:34:18 - root - WARNING - No valid vectors found for sentence: hititonthehead
2025-07-18 19:34:24 - root - WARNING - No valid vectors found for sentence: grosssssss
2025-07-18 19:34:24 - root - WARNING - No valid vectors found for sentence: ewwwwwweyy
2025-07-18 19:34:31 - root - WARNING - No valid vectors found for sentence: definantly
2025-07-18 19:34:31 - root - WARNING - No valid vectors found for sentence: greggsss terrrrrrrribbbbble
2025-07-18 19:34:35 - root - WARNING - No valid vectors found for sentence: kunchung
2025-07-18 19:34:50 - root - WARNING - No valid vectors found for sentence: afdc
2025-07-18 19:34:51 - root - WARNING - No valid vectors found for sentence: suppoing charitytuesday
2025-07-18 19:34:52 - root - WARNING - No valid vectors found for sentence: damir omerbegovic
2025-07-18 19:34:52 - root - WARNING - No valid vectors found for sentence: jeeeeeewwwwwwwwssssss cunnnnnnnnnnnnnnnttttttttttttts
2025-07-18 19:34:52 - root - WARNING - No valid vectors found for sentence: hahahhahaah
2025-07-18 19:34:57 - root - WARNING - No valid vectors found for sentence: foundationstaers
2025-07-18 19:35:02 - root - WARNING - No valid vectors found for sentence: heatsketch
2025-07-18 19:35:06 - root - WARNING - No valid vectors found for sentence: groteskno
2025-07-18 19:35:12 - root - WARNING - No valid vectors found for sentence: dfujioladfshjiofdyy
2025-07-18 19:35:12 - root - WARNING - No valid vectors found for sentence: nordenwulf
2025-07-18 19:35:13 - root - WARNING - No valid vectors found for sentence: purgeri hahahahahaahahahahahahaahahahahaa
2025-07-18 19:35:25 - root - WARNING - No valid vectors found for sentence: sdlam
2025-07-18 19:35:27 - root - WARNING - No valid vectors found for sentence: iiiiiiiiiihhhaaaaaaaa
2025-07-18 19:35:28 - root - WARNING - No valid vectors found for sentence: sotone
2025-07-18 19:35:31 - root - WARNING - No valid vectors found for sentence: glupan
2025-07-18 19:35:36 - root - WARNING - No valid vectors found for sentence: yesssss
2025-07-18 19:35:37 - root - WARNING - No valid vectors found for sentence: ergdjkllfdsasdfjkl kjfdsatalk
2025-07-18 19:35:39 - root - WARNING - No valid vectors found for sentence: shenandoah shenandoah
2025-07-18 19:35:46 - root - WARNING - No valid vectors found for sentence: usaskih
2025-07-18 19:35:49 - root - WARNING - No valid vectors found for sentence: hubie mcdonough
2025-07-18 19:35:51 - root - WARNING - No valid vectors found for sentence: rajo
2025-07-18 19:35:52 - root - WARNING - No valid vectors found for sentence: uzizbjeglice
2025-07-18 19:35:53 - root - WARNING - No valid vectors found for sentence: somethina
2025-07-18 19:36:00 - root - WARNING - No valid vectors found for sentence: notyourshield
2025-07-18 19:36:00 - root - WARNING - No valid vectors found for sentence: userwikiplayer wikiplayer
2025-07-18 19:36:01 - root - WARNING - No valid vectors found for sentence: bahahaha
2025-07-18 19:36:13 - root - WARNING - No valid vectors found for sentence: ajmoooo
2025-07-18 19:36:15 - root - WARNING - No valid vectors found for sentence: sloboda neistomisljenika
2025-07-18 19:36:17 - root - WARNING - No valid vectors found for sentence: oditeeee domaaaaaaaaa
2025-07-18 19:36:21 - root - WARNING - No valid vectors found for sentence: lud nenormalan bunsen
2025-07-18 19:36:23 - root - WARNING - No valid vectors found for sentence: heyyyyyyyy wats
2025-07-18 19:36:25 - root - WARNING - No valid vectors found for sentence: nigor
2025-07-18 19:36:25 - root - WARNING - No valid vectors found for sentence: larch
2025-07-18 19:36:31 - root - WARNING - No valid vectors found for sentence: bigdt
2025-07-18 19:36:40 - root - WARNING - No valid vectors found for sentence: homosapiens hetrosapiens
2025-07-18 19:36:41 - root - WARNING - No valid vectors found for sentence: deeriiiiiii
2025-07-18 19:36:43 - root - WARNING - No valid vectors found for sentence: jettamann
2025-07-18 19:36:56 - root - WARNING - No valid vectors found for sentence: nly
2025-07-18 19:37:03 - root - WARNING - No valid vectors found for sentence: hillelfrei
2025-07-18 19:37:09 - root - WARNING - No valid vectors found for sentence: whiteutopian
2025-07-18 19:37:13 - root - WARNING - No valid vectors found for sentence: subban
2025-07-18 19:37:22 - root - WARNING - No valid vectors found for sentence: wrs
2025-07-18 19:37:27 - root - WARNING - No valid vectors found for sentence: sweeeeeeeeeeeeeeeeet
2025-07-18 19:37:30 - root - WARNING - No valid vectors found for sentence: katastrof
2025-07-18 19:37:35 - root - WARNING - No valid vectors found for sentence: ahahahahahahaa
2025-07-18 19:37:41 - root - WARNING - No valid vectors found for sentence: zdrowie
2025-07-18 19:37:41 - root - WARNING - No valid vectors found for sentence: coooooool
2025-07-18 19:37:43 - root - WARNING - No valid vectors found for sentence: siiiiigh
2025-07-18 19:37:43 - root - WARNING - No valid vectors found for sentence: uhmmm
2025-07-18 19:37:44 - root - WARNING - No valid vectors found for sentence: wptldnr
2025-07-18 19:37:46 - root - WARNING - No valid vectors found for sentence: talkbattle mullaitivu
2025-07-18 19:37:47 - root - WARNING - No valid vectors found for sentence: sretno
2025-07-18 19:37:49 - root - WARNING - No valid vectors found for sentence: golitsyin alexandros moiseyev stanchion
2025-07-18 19:37:52 - root - WARNING - No valid vectors found for sentence: asperchu apercu
2025-07-18 19:37:55 - root - WARNING - No valid vectors found for sentence: okayyyyyy
2025-07-18 19:37:58 - root - WARNING - No valid vectors found for sentence: glupost
2025-07-18 19:38:02 - root - INFO - Train vectors shape: (352719, 100)
2025-07-18 19:38:02 - root - INFO - Test vectors shape: (88180, 100)
2025-07-18 19:38:02 - root - INFO - Saving vectorized arrays to disk...
2025-07-18 19:38:03 - root - INFO - Numpy array saved successfully at: Artifacts\data_vectorization\train.npy
2025-07-18 19:38:03 - root - INFO - Numpy array saved successfully at: Artifacts\data_vectorization\test.npy
2025-07-18 19:38:03 - root - INFO - Data vectorization complete.
2025-07-18 19:38:05 - root - INFO - \u2705 Vectorization completed.
2025-07-18 19:38:05 - root - INFO - \U0001f4e6 Train vectors path: Artifacts\data_vectorization\train.npy
2025-07-18 19:38:05 - root - INFO - \U0001f4e6 Test vectors path: Artifacts\data_vectorization\test.npy
