2025-07-18 10:56:55 - root - INFO - Starting the data ingestion process.
2025-07-18 10:56:55 - root - INFO - Reading dataset from path: data/raw\HateSpeechDataset.csv
2025-07-18 10:56:57 - root - INFO - Dataset successfully loaded. Shape: (440906, 3)
2025-07-18 10:56:57 - root - INFO - Dropping 'Content_int' column.
2025-07-18 10:56:57 - root - INFO - 'Content_int' column dropped successfully.
2025-07-18 10:56:58 - root - INFO - Removing rows where 'Label' is not a valid class (0 or 1).
2025-07-18 10:56:58 - root - INFO - Converting 'Label' column data type to integer.
2025-07-18 10:56:58 - root - INFO - Conversion successful. Unique labels: [1 0]
2025-07-18 10:56:58 - root - INFO - Splitting the dataset into train and test sets.
2025-07-18 10:56:58 - root - INFO - Train set shape: (352719, 2), Test set shape: (88180, 2)
2025-07-18 10:56:58 - root - INFO - Saving train set to: Artifacts\data_ingestion\ingested\train.csv
2025-07-18 10:57:00 - root - INFO - Saving test set to: Artifacts\data_ingestion\ingested\test.csv
2025-07-18 10:57:01 - root - INFO - Data ingestion process completed successfully.
2025-07-18 10:57:01 - root - INFO - initiating the data transforamtion
2025-07-18 10:57:01 - root - INFO - reading the train and test data from Artifacts\data_ingestion\ingested\train.csv and Artifacts\data_ingestion\ingested\test.csv
2025-07-18 10:57:02 - root - INFO - Sucessfully read the train and test data
2025-07-18 10:57:02 - root - INFO - applying lower() to train and test data
2025-07-18 10:57:03 - root - INFO - Sucessfully lower the train and test data
2025-07-18 10:57:20 - root - INFO - Sucessfuly remove html tags from train and test data
2025-07-18 10:57:21 - root - INFO - Sucessfully removed special charachters from train and test data
2025-07-18 10:57:21 - root - INFO - Tokenizing the train and test data
2025-07-18 10:58:35 - root - INFO - Sucessfully tokenized train and test data
2025-07-18 10:58:35 - root - INFO - Removing stopwords from train and test data
